<?xml version="1.0" encoding="UTF-8"?>
<!-- Generated by org.testng.reporters.JUnitXMLReporter -->
<testsuite ignored="0" hostname="DESKTOP-3O8K1S7" failures="0" tests="3" name="Add ROUTE" time="31.11" errors="0" timestamp="2021-08-04T19:44:58 IST">
  <testcase classname="booking.HomePage" name="RouteAdd" time="2.398"/>
  <testcase classname="booking.HomePage" name="AddCalendar" time="15.979"/>
  <testcase classname="booking.HomePage" name="ValidateSearchTitle" time="0.02"/>
</testsuite> <!-- Add ROUTE -->
