<?xml version="1.0" encoding="UTF-8"?>
<testng-results ignored="0" total="3" passed="3" failed="0" skipped="0">
  <reporter-output>
  </reporter-output>
  <suite started-at="2021-08-04T19:44:27 IST" name="Suite" finished-at="2021-08-04T19:44:58 IST" duration-ms="31110">
    <groups>
    </groups>
    <test started-at="2021-08-04T19:44:27 IST" name="Add ROUTE" finished-at="2021-08-04T19:44:58 IST" duration-ms="31110">
      <class name="booking.HomePage">
        <test-method is-config="true" signature="Setup()[pri:0, instance:booking.HomePage@41ab013]" started-at="2021-08-04T19:44:27 IST" name="Setup" finished-at="2021-08-04T19:44:39 IST" duration-ms="11561" status="PASS">
          <reporter-output>
          </reporter-output>
        </test-method> <!-- Setup -->
        <test-method signature="RouteAdd()[pri:0, instance:booking.HomePage@41ab013]" started-at="2021-08-04T19:44:39 IST" name="RouteAdd" finished-at="2021-08-04T19:44:41 IST" duration-ms="2398" status="PASS">
          <reporter-output>
          </reporter-output>
        </test-method> <!-- RouteAdd -->
        <test-method signature="AddCalendar()[pri:1, instance:booking.HomePage@41ab013]" started-at="2021-08-04T19:44:41 IST" name="AddCalendar" finished-at="2021-08-04T19:44:57 IST" duration-ms="15979" status="PASS">
          <reporter-output>
          </reporter-output>
        </test-method> <!-- AddCalendar -->
        <test-method signature="ValidateSearchTitle()[pri:2, instance:booking.HomePage@41ab013]" started-at="2021-08-04T19:44:57 IST" name="ValidateSearchTitle" finished-at="2021-08-04T19:44:57 IST" depends-on-methods="booking.HomePage.AddCalendar" duration-ms="20" status="PASS">
          <reporter-output>
          </reporter-output>
        </test-method> <!-- ValidateSearchTitle -->
        <test-method is-config="true" signature="tearDown()[pri:0, instance:booking.HomePage@41ab013]" started-at="2021-08-04T19:44:57 IST" name="tearDown" finished-at="2021-08-04T19:44:58 IST" duration-ms="1007" status="PASS">
          <reporter-output>
          </reporter-output>
        </test-method> <!-- tearDown -->
      </class> <!-- booking.HomePage -->
    </test> <!-- Add ROUTE -->
  </suite> <!-- Suite -->
</testng-results>
